#
# There is insufficient memory for the Java Runtime Environment to continue.
# Native memory allocation (mmap) failed to map 134217728 bytes for G1 virtual space
# Possible reasons:
#   The system is out of physical RAM or swap space
#   The process is running with CompressedOops enabled, and the Java Heap may be blocking the growth of the native heap
# Possible solutions:
#   Reduce memory load on the system
#   Increase physical memory or swap space
#   Check if swap backing store is full
#   Decrease Java heap size (-Xmx/-Xms)
#   Decrease number of Java threads
#   Decrease Java thread stack sizes (-Xss)
#   Set larger code cache with -XX:ReservedCodeCacheSize=
#   JVM is running with Unscaled Compressed Oops mode in which the Java heap is
#     placed in the first 4GB address space. The Java Heap base address is the
#     maximum limit for the native heap growth. Please use -XX:HeapBaseMinAddress
#     to set the Java Heap base and to place the Java Heap above 4GB virtual address.
# This output file may be truncated or incomplete.
#
#  Out of Memory Error (os_windows.cpp:3541), pid=22456, tid=22428
#
# JRE version:  (17.0.4+8) (build )
# Java VM: OpenJDK 64-Bit Server VM (17.0.4+8-LTS, mixed mode, emulated-client, sharing, tiered, compressed oops, compressed class ptrs, g1 gc, windows-amd64)
# No core dump will be written. Minidumps are not enabled by default on client versions of Windows
#

---------------  S U M M A R Y ------------

Command Line: -XX:TieredStopAtLevel=1 -Xverify:none -Dspring.output.ansi.enabled=always -javaagent:C:\Program Files\JetBrains\IntelliJ IDEA 2021.1.3\lib\idea_rt.jar=52695:C:\Program Files\JetBrains\IntelliJ IDEA 2021.1.3\bin -Dcom.sun.management.jmxremote -Dspring.jmx.enabled=true -Dspring.liveBeansView.mbeanDomain -Dspring.application.admin.enabled=true -Dfile.encoding=UTF-8 com.example.rabbitmq.rabbitmqProducer.RabbitmqProducerApplication

Host: Intel(R) Core(TM) i7-8550U CPU @ 1.80GHz, 8 cores, 7G,  Windows 11 , 64 bit Build 22000 (10.0.22000.1880)
Time: Wed May 24 14:41:54 2023 SE Asia Standard Time elapsed time: 0.018998 seconds (0d 0h 0m 0s)

---------------  T H R E A D  ---------------

Current thread (0x000001cb102b5390):  JavaThread "Unknown thread" [_thread_in_vm, id=22428, stack(0x0000002b65400000,0x0000002b65500000)]

Stack: [0x0000002b65400000,0x0000002b65500000]
Native frames: (J=compiled Java code, j=interpreted, Vv=VM code, C=native code)
V  [jvm.dll+0x64723a]
V  [jvm.dll+0x7f8894]
V  [jvm.dll+0x7fa04e]
V  [jvm.dll+0x7fa6a3]
V  [jvm.dll+0x234d38]
V  [jvm.dll+0x64417a]
V  [jvm.dll+0x638aa2]
V  [jvm.dll+0x2f2f69]
V  [jvm.dll+0x2fa146]
V  [jvm.dll+0x345e7a]
V  [jvm.dll+0x3460bf]
V  [jvm.dll+0x2c9408]
V  [jvm.dll+0x2ca399]
V  [jvm.dll+0x7cbea1]
V  [jvm.dll+0x353361]
V  [jvm.dll+0x7ac1ae]
V  [jvm.dll+0x3cec13]
V  [jvm.dll+0x3d0651]
C  [jli.dll+0x51af]
C  [ucrtbase.dll+0x26c0c]
C  [KERNEL32.DLL+0x155a0]
C  [ntdll.dll+0x485b]


---------------  P R O C E S S  ---------------

Threads class SMR info:
_java_thread_list=0x00007fffd98e6718, length=0, elements={
}

Java Threads: ( => current thread )

Other Threads:
  0x000001cb103127a0 GCTaskThread "GC Thread#0" [stack: 0x0000002b65500000,0x0000002b65600000] [id=4588]
  0x000001cb10323d90 ConcurrentGCThread "G1 Main Marker" [stack: 0x0000002b65600000,0x0000002b65700000] [id=9572]
  0x000001cb103247a0 ConcurrentGCThread "G1 Conc#0" [stack: 0x0000002b65700000,0x0000002b65800000] [id=17852]

[error occurred during error reporting (printing all threads), id 0xc0000005, EXCEPTION_ACCESS_VIOLATION (0xc0000005) at pc=0x00007fffd90da5f7]

VM state: not at safepoint (not fully initialized)

VM Mutex/Monitor currently owned by a thread:  ([mutex/lock_event])
[0x000001cb102b1d90] Heap_lock - owner thread: 0x000001cb102b5390

Heap address: 0x0000000081600000, size: 2026 MB, Compressed Oops mode: 32-bit

CDS archive(s) mapped at: [0x0000000000000000-0x0000000000000000-0x0000000000000000), size 0, SharedBaseAddress: 0x0000000800000000, ArchiveRelocationMode: 0.
Narrow klass base: 0x0000000000000000, Narrow klass shift: 0, Narrow klass range: 0x0

GC Precious Log:
<Empty>

Heap:
 garbage-first heap   total 0K, used 0K [0x0000000081600000, 0x0000000100000000)
  region size 1024K, 0 young (0K), 0 survivors (0K)

[error occurred during error reporting (printing heap information), id 0xc0000005, EXCEPTION_ACCESS_VIOLATION (0xc0000005) at pc=0x00007fffd949ed59]

GC Heap History (0 events):
No events

Deoptimization events (0 events):
No events

Classes unloaded (0 events):
No events

Classes redefined (0 events):
No events

Internal exceptions (0 events):
No events

VM Operations (0 events):
No events

Events (1 events):
Event: 0.011 Loaded shared library C:\Users\tien dat\.jdks\corretto-17.0.4\bin\java.dll


Dynamic libraries:
0x00007ff77b030000 - 0x00007ff77b03d000 	C:\Users\tien dat\.jdks\corretto-17.0.4\bin\java.exe
0x00007ff84fea0000 - 0x00007ff8500a9000 	C:\WINDOWS\SYSTEM32\ntdll.dll
0x00007ff84f080000 - 0x00007ff84f13e000 	C:\WINDOWS\System32\KERNEL32.DLL
0x00007ff84d980000 - 0x00007ff84dd04000 	C:\WINDOWS\System32\KERNELBASE.dll
0x00007ff84d650000 - 0x00007ff84d761000 	C:\WINDOWS\System32\ucrtbase.dll
0x00007ff83be60000 - 0x00007ff83be78000 	C:\Users\tien dat\.jdks\corretto-17.0.4\bin\jli.dll
0x00007ff83be40000 - 0x00007ff83be55000 	C:\Users\tien dat\.jdks\corretto-17.0.4\bin\VCRUNTIME140.dll
0x00007ff84ec80000 - 0x00007ff84ee2d000 	C:\WINDOWS\System32\USER32.dll
0x00007ff8251d0000 - 0x00007ff825475000 	C:\WINDOWS\WinSxS\amd64_microsoft.windows.common-controls_6595b64144ccf1df_6.0.22000.120_none_9d947278b86cc467\COMCTL32.dll
0x00007ff84d950000 - 0x00007ff84d976000 	C:\WINDOWS\System32\win32u.dll
0x00007ff84eaf0000 - 0x00007ff84eb93000 	C:\WINDOWS\System32\msvcrt.dll
0x00007ff84fa10000 - 0x00007ff84fa3a000 	C:\WINDOWS\System32\GDI32.dll
0x00007ff84d830000 - 0x00007ff84d94f000 	C:\WINDOWS\System32\gdi32full.dll
0x00007ff84d350000 - 0x00007ff84d3ed000 	C:\WINDOWS\System32\msvcp_win.dll
0x00007ff84eab0000 - 0x00007ff84eae1000 	C:\WINDOWS\System32\IMM32.DLL
0x00007ff802690000 - 0x00007ff80272b000 	C:\Users\tien dat\.jdks\corretto-17.0.4\bin\msvcp140.dll
0x00007fffd8e00000 - 0x00007fffd9a14000 	C:\Users\tien dat\.jdks\corretto-17.0.4\bin\server\jvm.dll
0x00007ff84fa40000 - 0x00007ff84faef000 	C:\WINDOWS\System32\ADVAPI32.dll
0x00007ff84fc80000 - 0x00007ff84fd1e000 	C:\WINDOWS\System32\sechost.dll
0x00007ff84fd30000 - 0x00007ff84fe51000 	C:\WINDOWS\System32\RPCRT4.dll
0x00007ff84dd10000 - 0x00007ff84dd18000 	C:\WINDOWS\System32\PSAPI.DLL
0x00007ff836d30000 - 0x00007ff836d39000 	C:\WINDOWS\SYSTEM32\WSOCK32.dll
0x00007ff8471e0000 - 0x00007ff847213000 	C:\WINDOWS\SYSTEM32\WINMM.dll
0x00007ff84fc10000 - 0x00007ff84fc7f000 	C:\WINDOWS\System32\WS2_32.dll
0x00007ff83e910000 - 0x00007ff83e91a000 	C:\WINDOWS\SYSTEM32\VERSION.dll
0x00007ff84c390000 - 0x00007ff84c3a8000 	C:\WINDOWS\SYSTEM32\kernel.appcore.dll
0x00007ff83c240000 - 0x00007ff83c24a000 	C:\Users\tien dat\.jdks\corretto-17.0.4\bin\jimage.dll
0x00007ff84ad90000 - 0x00007ff84afb1000 	C:\WINDOWS\SYSTEM32\DBGHELP.DLL
0x00007ff83aa60000 - 0x00007ff83aa91000 	C:\WINDOWS\SYSTEM32\dbgcore.DLL
0x00007ff84d3f0000 - 0x00007ff84d46f000 	C:\WINDOWS\System32\bcryptPrimitives.dll
0x00007ff83c010000 - 0x00007ff83c01e000 	C:\Users\tien dat\.jdks\corretto-17.0.4\bin\instrument.dll
0x00007ff83be10000 - 0x00007ff83be35000 	C:\Users\tien dat\.jdks\corretto-17.0.4\bin\java.dll

dbghelp: loaded successfully - version: 4.0.5 - missing functions: none
symbol engine: initialized successfully - sym options: 0x614 - pdb path: .;C:\Users\tien dat\.jdks\corretto-17.0.4\bin;C:\WINDOWS\SYSTEM32;C:\WINDOWS\WinSxS\amd64_microsoft.windows.common-controls_6595b64144ccf1df_6.0.22000.120_none_9d947278b86cc467;C:\Users\tien dat\.jdks\corretto-17.0.4\bin\server

VM Arguments:
jvm_args: -XX:TieredStopAtLevel=1 -Xverify:none -Dspring.output.ansi.enabled=always -javaagent:C:\Program Files\JetBrains\IntelliJ IDEA 2021.1.3\lib\idea_rt.jar=52695:C:\Program Files\JetBrains\IntelliJ IDEA 2021.1.3\bin -Dcom.sun.management.jmxremote -Dspring.jmx.enabled=true -Dspring.liveBeansView.mbeanDomain -Dspring.application.admin.enabled=true -Dfile.encoding=UTF-8 
java_command: com.example.rabbitmq.rabbitmqProducer.RabbitmqProducerApplication
java_class_path (initial): D:\practice\rabbitmq-springboot\rabbitmqProducer\target\classes;C:\Users\tien dat\.m2\repository\org\springframework\boot\spring-boot-starter-amqp\3.1.0\spring-boot-starter-amqp-3.1.0.jar;C:\Users\tien dat\.m2\repository\org\springframework\boot\spring-boot-starter\3.1.0\spring-boot-starter-3.1.0.jar;C:\Users\tien dat\.m2\repository\org\springframework\boot\spring-boot\3.1.0\spring-boot-3.1.0.jar;C:\Users\tien dat\.m2\repository\org\springframework\boot\spring-boot-autoconfigure\3.1.0\spring-boot-autoconfigure-3.1.0.jar;C:\Users\tien dat\.m2\repository\org\springframework\boot\spring-boot-starter-logging\3.1.0\spring-boot-starter-logging-3.1.0.jar;C:\Users\tien dat\.m2\repository\ch\qos\logback\logback-classic\1.4.7\logback-classic-1.4.7.jar;C:\Users\tien dat\.m2\repository\ch\qos\logback\logback-core\1.4.7\logback-core-1.4.7.jar;C:\Users\tien dat\.m2\repository\org\apache\logging\log4j\log4j-to-slf4j\2.20.0\log4j-to-slf4j-2.20.0.jar;C:\Users\tien dat\.m2\repository\org\apache\logging\log4j\log4j-api\2.20.0\log4j-api-2.20.0.jar;C:\Users\tien dat\.m2\repository\org\slf4j\jul-to-slf4j\2.0.7\jul-to-slf4j-2.0.7.jar;C:\Users\tien dat\.m2\repository\jakarta\annotation\jakarta.annotation-api\2.1.1\jakarta.annotation-api-2.1.1.jar;C:\Users\tien dat\.m2\repository\org\yaml\snakeyaml\1.33\snakeyaml-1.33.jar;C:\Users\tien dat\.m2\repository\org\springframework\spring-messaging\6.0.9\spring-messaging-6.0.9.jar;C:\Users\tien dat\.m2\repository\org\springframework\spring-beans\6.0.9\spring-beans-6.0.9.jar;C:\Users\tien dat\.m2\repository\org\springframework\amqp\spring-rabbit\3.0.4\spring-rabbit-3.0.4.jar;C:\Users\tien dat\.m2\repository\org\springframework\amqp\spring-amqp\3.0.4\spring-amqp-3.0.4.jar;C:\Users\tien dat\.m2\repository\org\springframework\retry\spring-retry\2.0.1\spring-retry-2.0.1.jar;C:\Users\tien dat\.m2\repository\com\rabbitmq\amqp-client\5.17.0\amqp-client-5.17.0.jar;C:\Users\tien dat\.m2\repository\org\springframework\spring-conte
Launcher Type: SUN_STANDARD

[Global flags]
     intx CICompilerCount                          = 4                                         {product} {ergonomic}
     uint ConcGCThreads                            = 2                                         {product} {ergonomic}
     uint G1ConcRefinementThreads                  = 8                                         {product} {ergonomic}
   size_t G1HeapRegionSize                         = 1048576                                   {product} {ergonomic}
    uintx GCDrainStackTargetSize                   = 64                                        {product} {ergonomic}
   size_t InitialHeapSize                          = 134217728                                 {product} {ergonomic}
     bool ManagementServer                         = true                                      {product} {command line}
   size_t MarkStackSize                            = 4194304                                   {product} {ergonomic}
   size_t MaxHeapSize                              = 2124414976                                {product} {ergonomic}
   size_t MinHeapDeltaBytes                        = 1048576                                   {product} {ergonomic}
   size_t MinHeapSize                              = 8388608                                   {product} {ergonomic}
    uintx NonProfiledCodeHeapSize                  = 0                                      {pd product} {ergonomic}
     bool ProfileInterpreter                       = false                                  {pd product} {command line}
    uintx ProfiledCodeHeapSize                     = 0                                      {pd product} {ergonomic}
   size_t SoftMaxHeapSize                          = 2124414976                             {manageable} {ergonomic}
     intx TieredStopAtLevel                        = 1                                         {product} {command line}
     bool UseCompressedClassPointers               = true                           {product lp64_product} {ergonomic}
     bool UseCompressedOops                        = true                           {product lp64_product} {ergonomic}
     bool UseG1GC                                  = true                                      {product} {ergonomic}
     bool UseLargePagesIndividualAllocation        = false                                  {pd product} {ergonomic}

Logging:
Log output configuration:
 #0: stdout all=warning uptime,level,tags
 #1: stderr all=off uptime,level,tags

Environment Variables:
JAVA_HOME=C:\Program Files\Java\jdk1.8.0_202
PATH=D:\u01\app\oracle\product\21c\db_home\bin;C:\Program Files (x86)\Common Files\Intel\Shared Libraries\redist\intel64\compiler;C:\Python310\Scripts\;C:\Python310\;C:\Program Files (x86)\Common Files\Oracle\Java\javapath;C:\WINDOWS\system32;C:\WINDOWS;C:\WINDOWS\System32\Wbem;C:\WINDOWS\System32\WindowsPowerShell\v1.0\;C:\WINDOWS\System32\OpenSSH\;C:\Program Files (x86)\Common Files\Acronis\SnapAPI\;C:\Program Files\dotnet\;C:\TDM-GCC-64\x86_64-w64-mingw32\include;C:\Program Files\Microsoft SQL Server\Client SDK\ODBC\170\Tools\Binn\;C:\Program Files (x86)\Microsoft SQL Server\150\Tools\Binn\;C:\Program Files\Microsoft SQL Server\150\Tools\Binn\;C:\Program Files\Microsoft SQL Server\150\DTS\Binn\;C:\Program Files (x86)\Microsoft SQL Server\150\DTS\Binn\;C:\Program Files\Azure Data Studio\bin;C:\Program Files\Microsoft SQL Server\130\Tools\Binn\;C:\WINDOWS\system32;C:\WINDOWS;C:\WINDOWS\System32\Wbem;C:\WINDOWS\System32\WindowsPowerShell\v1.0\;C:\WINDOWS\System32\OpenSSH\;C:\Program Files\Git\cmd;C:\Program Files\nodejs\;C:\ProgramData\chocolatey\bin;C:\Program Files\Docker\Docker\resources\bin;C:\Program Files\Java\jdk1.8.0_202\bin;C:\Program Files\MongoDB\Server\6.0\bin\;C:\Program Files\MongoDB\Tools\100\bin\;C:\Program Files\JetBrains\IntelliJ IDEA 2021.1.3\plugins\maven\lib\maven3\bin;D:\Program Files\Redis;C:\Users\tien dat\AppData\Local\Programs\Python\Python38\Scripts\;C:\Users\tien dat\AppData\Local\Programs\Python\Python38\;C:\Users\tien dat\AppData\Local\Microsoft\WindowsApps;C:\Users\tien dat\AppData\Local\Programs\Microsoft VS Code\bin;C:\TDM-GCC-64\bin;C:\Users\tien dat\AppData\Local\GitHubDesktop\bin;C:\Program Files\Azure Data Studio\bin;C:\Users\tien dat\AppData\Local\Microsoft\WindowsApps;C:\Users\tien dat\.dotnet\tools;C:\Users\tien dat\AppData\Roaming\npm;C:\Program Files\MongoDB\Server\6.0\bin\;C:\Program Files\JetBrains\IntelliJ IDEA 2021.1.3\bin;;%M2_HOME%\bin;C:\Program Files\JetBrains\WebStorm 2022.3.3\bin;;C:\Program Files\OpenSSL\bin;D:\Progr
USERNAME=dat do
OS=Windows_NT
PROCESSOR_IDENTIFIER=Intel64 Family 6 Model 142 Stepping 10, GenuineIntel
TMP=C:\Users\TIENDA~1\AppData\Local\Temp
TEMP=C:\Users\TIENDA~1\AppData\Local\Temp



---------------  S Y S T E M  ---------------

OS:
 Windows 11 , 64 bit Build 22000 (10.0.22000.1880)
OS uptime: 0 days 22:16 hours
Hyper-V role detected

CPU: total 8 (initial active 8) (4 cores per cpu, 2 threads per core) family 6 model 142 stepping 10 microcode 0xe0, cx8, cmov, fxsr, ht, mmx, 3dnowpref, sse, sse2, sse3, ssse3, sse4.1, sse4.2, popcnt, lzcnt, tsc, tscinvbit, avx, avx2, aes, erms, clmul, bmi1, bmi2, adx, fma, vzeroupper, clflush, clflushopt, hv

Memory: 4k page, system-wide physical 8101M (471M free)
TotalPageFile size 24418M (AvailPageFile size 71M)
current process WorkingSet (physical memory assigned to process): 10M, peak: 10M
current process commit charge ("private bytes"): 55M, peak: 183M

vm_info: OpenJDK 64-Bit Server VM (17.0.4+8-LTS) for windows-amd64 JRE (17.0.4+8-LTS), built on Jul 15 2022 17:12:09 by "Administrator" with MS VC++ 15.9 (VS2017)

END.
